Author: sridhar.mandala
Date: Tuesday, January 28, 2014 11:23:47 AM
Label: Tuesday, January 28, 2014 11:23:43 AM
Description:

Author: sridhar.mandala
Date: Thursday, February 20, 2014 12:33:19 PM
Label: Thursday, February 20, 2014 12:33:16 PM
Description:

Author: sridhar.mandala
Date: Thursday, February 20, 2014 2:18:14 PM
Label: Thursday, February 20, 2014 2:18:12 PM
Description:

Author: viswanath.mamidi
Date: 10 March 2014 18:37:33
Label: 10 March 2014 18:37:06
Description:After removing the validation to compare the segments count

Author: viswanath.mamidi
Date: 12 March 2014 17:22:46
Label: 12 March 2014 17:22:07
Description:RAT segment mapping changes to map R15 to D when  ' ' is passed in the EDI

Author: viswanath.mamidi
Date: 13 March 2014 13:16:15
Label: 13 March 2014 13:15:57
Description:Removed validation for PAS segment

Author: viswanath.mamidi
Date: 13 March 2014 13:30:34
Label: 13 March 2014 13:30:27
Description:

